C:\Users\PC\Desktop\DMDV2.1_170717_zw\V2.1_170717_zw\Experiment_final\Experiment\Release\cl.command.1.tlog
C:\Users\PC\Desktop\DMDV2.1_170717_zw\V2.1_170717_zw\Experiment_final\Experiment\Release\CL.read.1.tlog
C:\Users\PC\Desktop\DMDV2.1_170717_zw\V2.1_170717_zw\Experiment_final\Experiment\Release\CL.write.1.tlog
C:\USERS\PC\DESKTOP\DMDV2.1_170717_ZW\V2.1_170717_ZW\EXPERIMENT_FINAL\EXPERIMENT\RELEASE\DRAW.OBJ
C:\USERS\PC\DESKTOP\DMDV2.1_170717_ZW\V2.1_170717_ZW\EXPERIMENT_FINAL\EXPERIMENT\RELEASE\EXPERIMENT.EXE.INTERMEDIATE.MANIFEST
C:\USERS\PC\DESKTOP\DMDV2.1_170717_ZW\V2.1_170717_ZW\EXPERIMENT_FINAL\EXPERIMENT\RELEASE\EXPERIMENT.OBJ
C:\USERS\PC\DESKTOP\DMDV2.1_170717_ZW\V2.1_170717_ZW\EXPERIMENT_FINAL\EXPERIMENT\RELEASE\EXPERIMENT.PCH
C:\USERS\PC\DESKTOP\DMDV2.1_170717_ZW\V2.1_170717_ZW\EXPERIMENT_FINAL\EXPERIMENT\RELEASE\EXPERIMENT.RES
C:\Users\PC\Desktop\DMDV2.1_170717_zw\V2.1_170717_zw\Experiment_final\Experiment\Release\Experiment.vcxprojResolveAssemblyReference.cache
C:\Users\PC\Desktop\DMDV2.1_170717_zw\V2.1_170717_zw\Experiment_final\Experiment\Release\Experiment.write.1.tlog
C:\USERS\PC\DESKTOP\DMDV2.1_170717_ZW\V2.1_170717_ZW\EXPERIMENT_FINAL\EXPERIMENT\RELEASE\EXPERIMENTDLG.OBJ
C:\Users\PC\Desktop\DMDV2.1_170717_zw\V2.1_170717_zw\Experiment_final\Experiment\Release\link.command.1.tlog
C:\Users\PC\Desktop\DMDV2.1_170717_zw\V2.1_170717_zw\Experiment_final\Experiment\Release\link.read.1.tlog
C:\Users\PC\Desktop\DMDV2.1_170717_zw\V2.1_170717_zw\Experiment_final\Experiment\Release\link.write.1.tlog
C:\Users\PC\Desktop\DMDV2.1_170717_zw\V2.1_170717_zw\Experiment_final\Experiment\Release\link-cvtres.read.1.tlog
C:\Users\PC\Desktop\DMDV2.1_170717_zw\V2.1_170717_zw\Experiment_final\Experiment\Release\link-cvtres.write.1.tlog
C:\Users\PC\Desktop\DMDV2.1_170717_zw\V2.1_170717_zw\Experiment_final\Experiment\Release\metagen.read.1.tlog
C:\Users\PC\Desktop\DMDV2.1_170717_zw\V2.1_170717_zw\Experiment_final\Experiment\Release\metagen.write.1.tlog
C:\Users\PC\Desktop\DMDV2.1_170717_zw\V2.1_170717_zw\Experiment_final\Experiment\Release\mt.command.1.tlog
C:\Users\PC\Desktop\DMDV2.1_170717_zw\V2.1_170717_zw\Experiment_final\Experiment\Release\mt.read.1.tlog
C:\Users\PC\Desktop\DMDV2.1_170717_zw\V2.1_170717_zw\Experiment_final\Experiment\Release\mt.write.1.tlog
C:\Users\PC\Desktop\DMDV2.1_170717_zw\V2.1_170717_zw\Experiment_final\Experiment\Release\rc.command.1.tlog
C:\Users\PC\Desktop\DMDV2.1_170717_zw\V2.1_170717_zw\Experiment_final\Experiment\Release\rc.read.1.tlog
C:\Users\PC\Desktop\DMDV2.1_170717_zw\V2.1_170717_zw\Experiment_final\Experiment\Release\rc.write.1.tlog
C:\Users\PC\Desktop\DMDV2.1_170717_zw\V2.1_170717_zw\Experiment_final\Experiment\Release\RSAENH.DLL.bi
C:\USERS\PC\DESKTOP\DMDV2.1_170717_ZW\V2.1_170717_ZW\EXPERIMENT_FINAL\EXPERIMENT\RELEASE\SERIALPORT.OBJ
C:\USERS\PC\DESKTOP\DMDV2.1_170717_ZW\V2.1_170717_ZW\EXPERIMENT_FINAL\EXPERIMENT\RELEASE\STDAFX.OBJ
C:\Users\PC\Desktop\DMDV2.1_170717_zw\V2.1_170717_zw\Experiment_final\Experiment\Release\TZRES.DLL.bi
C:\USERS\PC\DESKTOP\DMDV2.1_170717_ZW\V2.1_170717_ZW\EXPERIMENT_FINAL\EXPERIMENT\RELEASE\VC100.PDB
C:\USERS\PC\DESKTOP\DMDV2.1_170717_ZW\V2.1_170717_ZW\EXPERIMENT_FINAL\RELEASE\EXPERIMENT.EXE
C:\USERS\PC\DESKTOP\DMDV2.1_170717_ZW\V2.1_170717_ZW\EXPERIMENT_FINAL\RELEASE\EXPERIMENT.PDB
