生成启动时间为 2017-12-05 20:41:24。
     1>项目“C:\Users\PC\Desktop\项目资料\DMD\V2.1.3_zj\Experiment_final\Experiment\Experiment.vcxproj”在节点 2 上(build 个目标)。
     1>InitializeBuildStatus:
         正在创建“Release\Experiment.unsuccessfulbuild”，因为已指定“AlwaysCreate”。
       ClCompile:
         所有输出均为最新。
         所有输出均为最新。
       ResourceCompile:
         所有输出均为最新。
       Link:
         所有输出均为最新。
         Experiment.vcxproj -> C:\Users\PC\Desktop\项目资料\DMD\V2.1.3_zj\Experiment_final\Release\Experiment.exe
       Manifest:
         所有输出均为最新。
       FinalizeBuildStatus:
         正在删除文件“Release\Experiment.unsuccessfulbuild”。
         正在对“Release\Experiment.lastbuildstate”执行 Touch 任务。
     1>已完成生成项目“C:\Users\PC\Desktop\项目资料\DMD\V2.1.3_zj\Experiment_final\Experiment\Experiment.vcxproj”(build 个目标)的操作。

生成成功。

已用时间 00:00:00.14
